2024-03-07 16:03:98 INFO  HomePage :44 - clicking on AcceptAllCookies
2024-03-07 16:03:334 INFO  HomePage :54 - clicking on shoes
2024-03-07 16:03:652 INFO  HomePage :59 - clicking on Kgkurtgeiger in shoes category
2024-03-07 16:03:667 INFO  HomePage :64 - clicking on NoThanks
2024-03-07 16:03:853 INFO  HomePage :44 - clicking on AcceptAllCookies
2024-03-07 16:03:987 INFO  HomePage :54 - clicking on shoes
2024-03-07 16:03:269 INFO  HomePage :59 - clicking on Kgkurtgeiger in shoes category
2024-03-07 16:03:20 INFO  HomePage :64 - clicking on NoThanks
2024-03-07 16:03:680 INFO  HomePage :62 - MouseHover on SortBy 
2024-03-07 16:03:868 INFO  HomePage :67 -  MouseHover And Click on Bestsellers 
2024-03-07 16:03:210 INFO  HomePage :82 -  Click on Laney Octavia Sneaker 
2024-03-07 16:03:581 INFO  HomePage :44 - clicking on AcceptAllCookies
2024-03-07 16:03:827 INFO  HomePage :54 - clicking on shoes
2024-03-07 16:03:260 INFO  HomePage :59 - clicking on Kgkurtgeiger in shoes category
2024-03-07 16:03:379 INFO  HomePage :64 - clicking on NoThanks
2024-03-07 16:03:565 INFO  HomePage :62 - MouseHover on SortBy 
2024-03-07 16:03:779 INFO  HomePage :67 -  MouseHover And Click on Bestsellers 
2024-03-07 16:03:134 INFO  HomePage :82 -  Click on Laney Octavia Sneaker 
2024-03-07 16:03:900 INFO  HomePage :44 - clicking on AcceptAllCookies
2024-03-07 16:03:75 INFO  HomePage :54 - clicking on shoes
2024-03-07 16:03:377 INFO  HomePage :59 - clicking on Kgkurtgeiger in shoes category
2024-03-07 16:03:706 INFO  HomePage :64 - clicking on NoThanks
2024-03-07 16:03:381 INFO  HomePage :62 - MouseHover on SortBy 
2024-03-07 16:03:561 INFO  HomePage :67 -  MouseHover And Click on Bestsellers 
2024-03-07 16:03:892 INFO  HomePage :82 -  Click on Laney Octavia Sneaker 
2024-03-07 16:03:170 INFO  HomePage :44 - clicking on AcceptAllCookies
2024-03-07 16:03:373 INFO  HomePage :54 - clicking on shoes
2024-03-07 16:03:539 INFO  HomePage :59 - clicking on Kgkurtgeiger in shoes category
2024-03-07 16:03:34 INFO  HomePage :64 - clicking on NoThanks
2024-03-07 16:03:859 INFO  HomePage :62 - MouseHover on SortBy 
2024-03-07 16:03:44 INFO  HomePage :67 -  MouseHover And Click on Bestsellers 
2024-03-07 16:03:530 INFO  HomePage :82 -  Click on Laney Octavia Sneaker 
2024-03-07 16:03:923 INFO  HomePage :44 - clicking on AcceptAllCookies
2024-03-07 16:03:77 INFO  HomePage :54 - clicking on shoes
2024-03-07 16:03:456 INFO  HomePage :59 - clicking on Kgkurtgeiger in shoes category
2024-03-07 16:03:652 INFO  HomePage :64 - clicking on NoThanks
2024-03-07 16:03:753 INFO  HomePage :62 - MouseHover on SortBy 
2024-03-07 16:03:951 INFO  HomePage :67 -  MouseHover And Click on Bestsellers 
2024-03-07 16:03:405 INFO  HomePage :82 -  Click on Laney Octavia Sneaker 
2024-03-07 16:03:151 INFO  HomePage :44 - clicking on AcceptAllCookies
2024-03-07 16:03:330 INFO  HomePage :54 - clicking on shoes
2024-03-07 16:03:617 INFO  HomePage :59 - clicking on Kgkurtgeiger in shoes category
2024-03-07 16:03:131 INFO  HomePage :64 - clicking on NoThanks
2024-03-07 16:03:910 INFO  HomePage :44 - clicking on AcceptAllCookies
2024-03-07 16:03:129 INFO  HomePage :54 - clicking on shoes
2024-03-07 16:03:375 INFO  HomePage :59 - clicking on Kgkurtgeiger in shoes category
2024-03-07 16:03:748 INFO  HomePage :64 - clicking on NoThanks
2024-03-07 16:03:711 INFO  HomePage :62 - MouseHover on SortBy 
2024-03-07 16:03:886 INFO  HomePage :67 -  MouseHover And Click on Bestsellers 
2024-03-07 16:03:235 INFO  HomePage :82 -  Click on Laney Octavia Sneaker 
2024-03-07 16:03:659 INFO  HomePage :44 - clicking on AcceptAllCookies
2024-03-07 16:03:857 INFO  HomePage :54 - clicking on shoes
2024-03-07 16:03:317 INFO  HomePage :59 - clicking on Kgkurtgeiger in shoes category
2024-03-07 16:03:846 INFO  HomePage :64 - clicking on NoThanks
2024-03-07 16:03:358 INFO  HomePage :62 - MouseHover on SortBy 
2024-03-07 16:03:566 INFO  HomePage :67 -  MouseHover And Click on Bestsellers 
2024-03-07 16:03:232 INFO  HomePage :82 -  Click on Laney Octavia Sneaker 
2024-03-07 16:03:664 INFO  HomePage :44 - clicking on AcceptAllCookies
2024-03-07 16:03:817 INFO  HomePage :54 - clicking on shoes
2024-03-07 16:03:139 INFO  HomePage :59 - clicking on Kgkurtgeiger in shoes category
2024-03-07 16:03:648 INFO  HomePage :64 - clicking on NoThanks
2024-03-07 16:03:96 INFO  HomePage :62 - MouseHover on SortBy 
2024-03-07 16:03:328 INFO  HomePage :67 -  MouseHover And Click on Bestsellers 
2024-03-07 16:03:678 INFO  HomePage :82 -  Click on Laney Octavia Sneaker 
2024-03-07 16:03:318 INFO  HomePage :44 - clicking on AcceptAllCookies
2024-03-07 16:03:468 INFO  HomePage :54 - clicking on shoes
2024-03-07 16:03:757 INFO  HomePage :59 - clicking on Kgkurtgeiger in shoes category
2024-03-07 16:03:154 INFO  HomePage :64 - clicking on NoThanks
2024-03-07 16:03:86 INFO  HomePage :62 - MouseHover on SortBy 
2024-03-07 16:03:373 INFO  HomePage :67 -  MouseHover And Click on Bestsellers 
2024-03-07 16:03:896 INFO  HomePage :44 - clicking on AcceptAllCookies
2024-03-07 16:03:92 INFO  HomePage :54 - clicking on shoes
2024-03-07 16:03:380 INFO  HomePage :59 - clicking on Kgkurtgeiger in shoes category
2024-03-07 16:03:530 INFO  HomePage :64 - clicking on NoThanks
2024-03-07 16:03:819 INFO  HomePage :44 - clicking on AcceptAllCookies
2024-03-07 16:03:10 INFO  HomePage :54 - clicking on shoes
2024-03-07 16:03:307 INFO  HomePage :59 - clicking on Kgkurtgeiger in shoes category
2024-03-07 16:03:240 INFO  HomePage :64 - clicking on NoThanks
2024-03-07 16:03:930 INFO  HomePage :62 - MouseHover on SortBy 
2024-03-07 16:03:131 INFO  HomePage :67 -  MouseHover And Click on Bestsellers 
2024-03-07 16:03:491 INFO  HomePage :82 -  Click on Laney Octavia Sneaker 
2024-03-07 16:03:267 INFO  HomePage :44 - clicking on AcceptAllCookies
2024-03-07 16:03:478 INFO  HomePage :54 - clicking on shoes
2024-03-07 16:03:767 INFO  HomePage :59 - clicking on Kgkurtgeiger in shoes category
2024-03-07 16:03:834 INFO  HomePage :64 - clicking on NoThanks
2024-03-07 16:03:315 INFO  HomePage :62 - MouseHover on SortBy 
2024-03-07 16:03:609 INFO  HomePage :67 -  MouseHover And Click on Bestsellers 
2024-03-07 16:03:328 INFO  HomePage :44 - clicking on AcceptAllCookies
2024-03-07 16:03:483 INFO  HomePage :54 - clicking on shoes
2024-03-07 16:03:670 INFO  HomePage :59 - clicking on Kgkurtgeiger in shoes category
2024-03-07 16:03:396 INFO  HomePage :64 - clicking on NoThanks
2024-03-07 16:03:405 INFO  HomePage :62 - MouseHover on SortBy 
2024-03-07 16:03:613 INFO  HomePage :67 -  MouseHover And Click on Bestsellers 
2024-03-07 16:03:931 INFO  HomePage :82 -  Click on Laney Octavia Sneaker 
2024-03-07 16:03:922 INFO  HomePage :44 - clicking on AcceptAllCookies
2024-03-07 16:03:106 INFO  HomePage :54 - clicking on shoes
2024-03-07 16:03:315 INFO  HomePage :59 - clicking on Kgkurtgeiger in shoes category
2024-03-07 17:03:909 INFO  HomePage :44 - clicking on AcceptAllCookies
2024-03-07 17:03:339 INFO  HomePage :54 - clicking on shoes
2024-03-07 17:03:719 INFO  HomePage :59 - clicking on Kgkurtgeiger in shoes category
2024-03-07 17:03:691 INFO  HomePage :64 - clicking on NoThanks
2024-03-07 17:03:620 INFO  HomePage :62 - MouseHover on SortBy 
2024-03-07 17:03:147 INFO  HomePage :67 -  MouseHover And Click on Bestsellers 
2024-03-07 17:03:623 INFO  HomePage :82 -  Click on Laney Octavia Sneaker 
2024-03-07 17:03:791 INFO  HomePage :44 - clicking on AcceptAllCookies
2024-03-07 17:03:66 INFO  HomePage :54 - clicking on shoes
2024-03-07 17:03:171 INFO  HomePage :59 - clicking on Kgkurtgeiger in shoes category
2024-03-07 17:03:260 INFO  HomePage :64 - clicking on NoThanks
2024-03-07 17:03:228 INFO  HomePage :62 - MouseHover on SortBy 
2024-03-07 17:03:563 INFO  HomePage :67 -  MouseHover And Click on Bestsellers 
2024-03-07 17:03:166 INFO  HomePage :82 -  Click on Laney Octavia Sneaker 
2024-03-07 18:03:403 INFO  HomePage :44 - clicking on AcceptAllCookies
2024-03-07 18:03:720 INFO  HomePage :54 - clicking on shoes
2024-03-07 18:03:69 INFO  HomePage :59 - clicking on Kgkurtgeiger in shoes category
2024-03-07 18:03:749 INFO  HomePage :64 - clicking on NoThanks
2024-03-07 18:03:868 INFO  HomePage :44 - clicking on AcceptAllCookies
2024-03-07 18:03:119 INFO  HomePage :54 - clicking on shoes
2024-03-07 18:03:694 INFO  HomePage :59 - clicking on Kgkurtgeiger in shoes category
2024-03-07 18:03:389 INFO  HomePage :64 - clicking on NoThanks
2024-03-07 18:03:803 INFO  HomePage :62 - MouseHover on SortBy 
2024-03-07 18:03:284 INFO  HomePage :67 -  MouseHover And Click on Bestsellers 
2024-03-07 18:03:630 INFO  HomePage :82 -  Click on Laney Octavia Sneaker 
2024-03-07 18:03:429 INFO  HomePage :44 - clicking on AcceptAllCookies
2024-03-07 18:03:843 INFO  HomePage :54 - clicking on shoes
2024-03-07 18:03:778 INFO  HomePage :59 - clicking on Kgkurtgeiger in shoes category
2024-03-07 18:03:181 INFO  HomePage :64 - clicking on NoThanks
2024-03-07 18:03:322 INFO  HomePage :62 - MouseHover on SortBy 
2024-03-07 18:03:851 INFO  HomePage :67 -  MouseHover And Click on Bestsellers 
2024-03-07 18:03:338 INFO  HomePage :82 -  Click on Laney Octavia Sneaker 
2024-03-07 18:03:581 INFO  HomePage :44 - clicking on AcceptAllCookies
2024-03-07 18:03:774 INFO  HomePage :54 - clicking on shoes
2024-03-07 18:03:988 INFO  HomePage :59 - clicking on Kgkurtgeiger in shoes category
2024-03-07 18:03:461 INFO  HomePage :64 - clicking on NoThanks
2024-03-07 18:03:214 INFO  HomePage :62 - MouseHover on SortBy 
2024-03-07 18:03:441 INFO  HomePage :67 -  MouseHover And Click on Bestsellers 
2024-03-07 18:03:752 INFO  HomePage :82 -  Click on Laney Octavia Sneaker 
2024-03-07 18:03:553 INFO  HomePage :44 - clicking on AcceptAllCookies
2024-03-07 18:03:675 INFO  HomePage :54 - clicking on shoes
2024-03-07 18:03:891 INFO  HomePage :59 - clicking on Kgkurtgeiger in shoes category
2024-03-07 18:03:106 INFO  HomePage :64 - clicking on NoThanks
2024-03-07 18:03:956 INFO  HomePage :44 - clicking on AcceptAllCookies
2024-03-07 18:03:174 INFO  HomePage :54 - clicking on shoes
2024-03-07 18:03:399 INFO  HomePage :59 - clicking on Kgkurtgeiger in shoes category
2024-03-07 18:03:881 INFO  HomePage :64 - clicking on NoThanks
2024-03-07 18:03:457 INFO  HomePage :62 - MouseHover on SortBy 
2024-03-07 18:03:632 INFO  HomePage :67 -  MouseHover And Click on Bestsellers 
2024-03-07 18:03:936 INFO  HomePage :82 -  Click on Laney Octavia Sneaker 
2024-03-07 18:03:102 INFO  HomePage :44 - clicking on AcceptAllCookies
2024-03-07 18:03:265 INFO  HomePage :54 - clicking on shoes
2024-03-07 18:03:537 INFO  HomePage :59 - clicking on Kgkurtgeiger in shoes category
2024-03-07 18:03:801 INFO  HomePage :64 - clicking on NoThanks
2024-03-07 18:03:626 INFO  HomePage :62 - MouseHover on SortBy 
2024-03-07 18:03:845 INFO  HomePage :67 -  MouseHover And Click on Bestsellers 
2024-03-07 18:03:184 INFO  HomePage :82 -  Click on Laney Octavia Sneaker 
2024-03-07 18:03:39 INFO  HomePage :44 - clicking on AcceptAllCookies
2024-03-07 18:03:181 INFO  HomePage :54 - clicking on shoes
2024-03-07 18:03:426 INFO  HomePage :59 - clicking on Kgkurtgeiger in shoes category
2024-03-07 18:03:633 INFO  HomePage :64 - clicking on NoThanks
2024-03-07 18:03:351 INFO  HomePage :62 - MouseHover on SortBy 
2024-03-07 18:03:566 INFO  HomePage :67 -  MouseHover And Click on Bestsellers 
2024-03-07 18:03:900 INFO  HomePage :82 -  Click on Laney Octavia Sneaker 
2024-03-07 18:03:609 INFO  HomePage :44 - clicking on AcceptAllCookies
2024-03-07 18:03:830 INFO  HomePage :54 - clicking on shoes
2024-03-07 18:03:29 INFO  HomePage :59 - clicking on Kgkurtgeiger in shoes category
2024-03-07 18:03:452 INFO  HomePage :64 - clicking on NoThanks
2024-03-07 18:03:932 INFO  HomePage :62 - MouseHover on SortBy 
2024-03-07 18:03:269 INFO  HomePage :67 -  MouseHover And Click on Bestsellers 
2024-03-07 18:03:280 INFO  HomePage :44 - clicking on AcceptAllCookies
2024-03-07 18:03:474 INFO  HomePage :54 - clicking on shoes
2024-03-07 18:03:741 INFO  HomePage :59 - clicking on Kgkurtgeiger in shoes category
2024-03-07 18:03:377 INFO  HomePage :64 - clicking on NoThanks
2024-03-07 18:03:390 INFO  HomePage :62 - MouseHover on SortBy 
2024-03-07 18:03:566 INFO  HomePage :67 -  MouseHover And Click on Bestsellers 
2024-03-07 18:03:70 INFO  HomePage :82 -  Click on Laney Octavia Sneaker 
2024-03-07 18:03:179 INFO  HomePage :44 - clicking on AcceptAllCookies
2024-03-07 18:03:393 INFO  HomePage :54 - clicking on shoes
2024-03-07 18:03:681 INFO  HomePage :59 - clicking on Kgkurtgeiger in shoes category
2024-03-07 18:03:821 INFO  HomePage :64 - clicking on NoThanks
2024-03-07 18:03:728 INFO  HomePage :62 - MouseHover on SortBy 
2024-03-07 18:03:108 INFO  HomePage :67 -  MouseHover And Click on Bestsellers 
2024-03-07 18:03:596 INFO  HomePage :44 - clicking on AcceptAllCookies
2024-03-07 18:03:746 INFO  HomePage :54 - clicking on shoes
2024-03-07 18:03:965 INFO  HomePage :59 - clicking on Kgkurtgeiger in shoes category
2024-03-07 18:03:181 INFO  HomePage :64 - clicking on NoThanks
2024-03-07 18:03:722 INFO  HomePage :62 - MouseHover on SortBy 
2024-03-07 18:03:919 INFO  HomePage :67 -  MouseHover And Click on Bestsellers 
2024-03-07 18:03:212 INFO  HomePage :71 - MouseHover on Filters 
2024-03-07 18:03:715 INFO  HomePage :75 -  MouseHover And select size4/37 
2024-03-07 18:03:803 INFO  HomePage :79 -  Click on ApplyFilters 
2024-03-07 18:03:902 INFO  HomePage :82 -  Click on Laney Octavia Sneaker 
2024-03-07 18:03:201 INFO  HomePage :44 - clicking on AcceptAllCookies
2024-03-07 18:03:394 INFO  HomePage :54 - clicking on shoes
2024-03-07 18:03:641 INFO  HomePage :59 - clicking on Kgkurtgeiger in shoes category
2024-03-07 18:03:362 INFO  HomePage :64 - clicking on NoThanks
2024-03-07 18:03:347 INFO  HomePage :62 - MouseHover on SortBy 
2024-03-07 18:03:534 INFO  HomePage :67 -  MouseHover And Click on Bestsellers 
2024-03-07 18:03:875 INFO  HomePage :71 - MouseHover on Filters 
2024-03-07 18:03:191 INFO  HomePage :75 -  MouseHover And select size4/37 
2024-03-07 18:03:710 INFO  HomePage :44 - clicking on AcceptAllCookies
2024-03-07 18:03:864 INFO  HomePage :54 - clicking on shoes
2024-03-07 18:03:265 INFO  HomePage :59 - clicking on Kgkurtgeiger in shoes category
2024-03-07 18:03:438 INFO  HomePage :64 - clicking on NoThanks
2024-03-07 18:03:236 INFO  HomePage :62 - MouseHover on SortBy 
2024-03-07 18:03:726 INFO  HomePage :67 -  MouseHover And Click on Bestsellers 
2024-03-07 18:03:54 INFO  HomePage :44 - clicking on AcceptAllCookies
2024-03-07 18:03:256 INFO  HomePage :54 - clicking on shoes
2024-03-07 18:03:460 INFO  HomePage :59 - clicking on Kgkurtgeiger in shoes category
2024-03-07 18:03:462 INFO  HomePage :64 - clicking on NoThanks
2024-03-07 18:03:615 INFO  HomePage :62 - MouseHover on SortBy 
2024-03-07 18:03:15 INFO  HomePage :67 -  MouseHover And Click on Bestsellers 
2024-03-07 18:03:361 INFO  HomePage :71 - MouseHover on Filters 
2024-03-07 18:03:670 INFO  HomePage :75 -  MouseHover And select size4/37 
2024-03-07 18:03:773 INFO  HomePage :44 - clicking on AcceptAllCookies
2024-03-07 18:03:889 INFO  HomePage :54 - clicking on shoes
2024-03-07 18:03:194 INFO  HomePage :59 - clicking on Kgkurtgeiger in shoes category
2024-03-07 18:03:144 INFO  HomePage :64 - clicking on NoThanks
2024-03-07 18:03:442 INFO  HomePage :62 - MouseHover on SortBy 
2024-03-07 18:03:646 INFO  HomePage :67 -  MouseHover And Click on Bestsellers 
2024-03-07 18:03:972 INFO  HomePage :71 - MouseHover on Filters 
2024-03-07 18:03:158 INFO  HomePage :75 -  MouseHover And select size4/37 
2024-03-07 18:03:491 INFO  HomePage :44 - clicking on AcceptAllCookies
2024-03-07 18:03:977 INFO  HomePage :54 - clicking on shoes
2024-03-07 18:03:381 INFO  HomePage :59 - clicking on Kgkurtgeiger in shoes category
2024-03-07 18:03:479 INFO  HomePage :64 - clicking on NoThanks
2024-03-07 18:03:616 INFO  HomePage :62 - MouseHover on SortBy 
2024-03-07 18:03:878 INFO  HomePage :67 -  MouseHover And Click on Bestsellers 
2024-03-07 18:03:241 INFO  HomePage :71 - MouseHover on Filters 
2024-03-07 18:03:97 INFO  HomePage :75 -  MouseHover And select size4/37 
2024-03-07 18:03:252 INFO  HomePage :79 -  Click on ApplyFilters 
2024-03-07 18:03:507 INFO  HomePage :82 -  Click on Laney Octavia Sneaker 
2024-03-07 18:03:854 INFO  HomePage :86 - clicking on size and selecting it
2024-03-07 18:03:837 INFO  HomePage :94 - clicking on BagIcon and  clicking on checkoutSecurely
2024-03-07 18:03:549 INFO  HomePage :99 -   clicking on checkoutSecurely
2024-03-07 18:03:831 INFO  CheckoutPage :67 - Enter Mobile Number
2024-03-07 18:03:986 INFO  CheckoutPage :72 - Enter Mobile Number
2024-03-07 18:03:234 INFO  CheckoutPage :62 - Enter Mobile Number
2024-03-07 18:03:355 INFO  CheckoutPage :78 - Enter Mobile Number
2024-03-07 18:03:409 INFO  HomePage :44 - clicking on AcceptAllCookies
2024-03-07 18:03:602 INFO  HomePage :54 - clicking on shoes
2024-03-07 18:03:712 INFO  HomePage :59 - clicking on Kgkurtgeiger in shoes category
2024-03-07 18:03:458 INFO  HomePage :44 - clicking on AcceptAllCookies
2024-03-07 18:03:591 INFO  HomePage :54 - clicking on shoes
2024-03-07 18:03:864 INFO  HomePage :59 - clicking on Kgkurtgeiger in shoes category
2024-03-07 18:03:626 INFO  HomePage :64 - clicking on NoThanks
2024-03-07 18:03:952 INFO  HomePage :62 - MouseHover on SortBy 
2024-03-07 18:03:126 INFO  HomePage :67 -  MouseHover And Click on Bestsellers 
2024-03-07 18:03:432 INFO  HomePage :71 - MouseHover on Filters 
2024-03-07 18:03:31 INFO  HomePage :75 -  MouseHover And select size4/37 
2024-03-07 18:03:184 INFO  HomePage :79 -  Click on ApplyFilters 
2024-03-07 18:03:443 INFO  HomePage :82 -  Click on Laney Octavia Sneaker 
2024-03-07 18:03:910 INFO  HomePage :86 - clicking on size and selecting it
2024-03-07 18:03:285 INFO  HomePage :94 - clicking on BagIcon and  clicking on checkoutSecurely
2024-03-07 18:03:287 INFO  HomePage :99 -   clicking on checkoutSecurely
2024-03-07 18:03:802 INFO  CheckoutPage :67 - Enter Mobile Number
2024-03-07 18:03:416 INFO  CheckoutPage :72 - Enter Mobile Number
2024-03-07 18:03:555 INFO  CheckoutPage :62 - Enter Mobile Number
2024-03-07 18:03:670 INFO  CheckoutPage :78 - Enter Mobile Number
2024-03-07 18:03:416 INFO  HomePage :44 - clicking on AcceptAllCookies
2024-03-07 18:03:562 INFO  HomePage :54 - clicking on shoes
2024-03-07 18:03:894 INFO  HomePage :59 - clicking on Kgkurtgeiger in shoes category
2024-03-07 18:03:305 INFO  HomePage :64 - clicking on NoThanks
2024-03-07 18:03:331 INFO  HomePage :62 - MouseHover on SortBy 
2024-03-07 18:03:529 INFO  HomePage :67 -  MouseHover And Click on Bestsellers 
2024-03-07 18:03:962 INFO  HomePage :71 - MouseHover on Filters 
2024-03-07 18:03:264 INFO  HomePage :75 -  MouseHover And select size4/37 
2024-03-07 18:03:180 INFO  HomePage :79 -  Click on ApplyFilters 
